# JRE version: Java(TM) SE Runtime Environment 18.9 (11.0.15.1+2) (build 11.0.15.1+2-LTS-10)
# Java VM: Java HotSpot(TM) 64-Bit Server VM 18.9 (11.0.15.1+2-LTS-10, mixed mode, tiered, compressed oops, g1 gc, windows-amd64)
Heap:
 garbage-first heap   total 155648K, used 19393K [0x0000000082800000, 0x0000000100000000)
  region size 1024K, 8 young (8192K), 8 survivors (8192K)
 Metaspace       used 45876K, capacity 47305K, committed 47488K, reserved 1089536K
  class space    used 5873K, capacity 6475K, committed 6528K, reserved 1048576K
GC Heap History (10 events):
Event: 1.623 GC heap after
{Heap after GC invocations=2 (full 0):
 garbage-first heap   total 129024K, used 8389K [0x0000000082800000, 0x0000000100000000)
  region size 1024K, 2 young (2048K), 2 survivors (2048K)
 Metaspace       used 17031K, capacity 17555K, committed 17792K, reserved 1064960K
  class space    used 1903K, capacity 2122K, committed 2176K, reserved 1048576K
}
Event: 1.969 GC heap before
{Heap before GC invocations=2 (full 0):
 garbage-first heap   total 129024K, used 35013K [0x0000000082800000, 0x0000000100000000)
  region size 1024K, 29 young (29696K), 2 survivors (2048K)
 Metaspace       used 20423K, capacity 21116K, committed 21248K, reserved 1067008K
  class space    used 2416K, capacity 2707K, committed 2816K, reserved 1048576K
}
Event: 1.972 GC heap after
{Heap after GC invocations=3 (full 0):
 garbage-first heap   total 129024K, used 9341K [0x0000000082800000, 0x0000000100000000)
  region size 1024K, 2 young (2048K), 2 survivors (2048K)
 Metaspace       used 20423K, capacity 21116K, committed 21248K, reserved 1067008K
  class space    used 2416K, capacity 2707K, committed 2816K, reserved 1048576K
}
Event: 3.005 GC heap before
{Heap before GC invocations=4 (full 0):
 garbage-first heap   total 129024K, used 83069K [0x0000000082800000, 0x0000000100000000)
  region size 1024K, 75 young (76800K), 2 survivors (2048K)
 Metaspace       used 26338K, capacity 27284K, committed 27520K, reserved 1073152K
  class space    used 3204K, capacity 3597K, committed 3712K, reserved 1048576K
}
Event: 3.010 GC heap after
{Heap after GC invocations=5 (full 0):
 garbage-first heap   total 129024K, used 11771K [0x0000000082800000, 0x0000000100000000)
  region size 1024K, 5 young (5120K), 5 survivors (5120K)
 Metaspace       used 26338K, capacity 27284K, committed 27520K, reserved 1073152K
  class space    used 3204K, capacity 3597K, committed 3712K, reserved 1048576K
}
Event: 4.233 GC heap before
{Heap before GC invocations=5 (full 0):
 garbage-first heap   total 129024K, used 83451K [0x0000000082800000, 0x0000000100000000)
  region size 1024K, 75 young (76800K), 5 survivors (5120K)
 Metaspace       used 34197K, capacity 35481K, committed 35712K, reserved 1079296K
  class space    used 4333K, capacity 4880K, committed 4992K, reserved 1048576K
}
Event: 4.241 GC heap after
{Heap after GC invocations=6 (full 0):
 garbage-first heap   total 129024K, used 15840K [0x0000000082800000, 0x0000000100000000)
  region size 1024K, 9 young (9216K), 9 survivors (9216K)
 Metaspace       used 34197K, capacity 35481K, committed 35712K, reserved 1079296K
  class space    used 4333K, capacity 4880K, committed 4992K, reserved 1048576K
}
Event: 4.290 GC heap before
{Heap before GC invocations=6 (full 0):
 garbage-first heap   total 129024K, used 19936K [0x0000000082800000, 0x0000000100000000)
  region size 1024K, 14 young (14336K), 9 survivors (9216K)
 Metaspace       used 34392K, capacity 35722K, committed 35840K, reserved 1081344K
  class space    used 4351K, capacity 4918K, committed 4992K, reserved 1048576K
}
Event: 4.297 GC heap after
{Heap after GC invocations=7 (full 0):
 garbage-first heap   total 129024K, used 16386K [0x0000000082800000, 0x0000000100000000)
  region size 1024K, 5 young (5120K), 5 survivors (5120K)
 Metaspace       used 34392K, capacity 35722K, committed 35840K, reserved 1081344K
  class space    used 4351K, capacity 4918K, committed 4992K, reserved 1048576K
}
Event: 5.787 GC heap before
{Heap before GC invocations=8 (full 0):
 garbage-first heap   total 129024K, used 88066K [0x0000000082800000, 0x0000000100000000)
  region size 1024K, 75 young (76800K), 5 survivors (5120K)
 Metaspace       used 45876K, capacity 47305K, committed 47488K, reserved 1089536K
  class space    used 5873K, capacity 6475K, committed 6528K, reserved 1048576K
}

